sample.interval=20000
"findCenvVar" "getInlineInfo" "isBaseVar" "getFoldFun" "constantFoldCall" "constantFold" "constantFoldCall" "constantFold" "cmp" "cmpPrim2" "h" "tryInline" "cmpCall" "cmp" "cmpPrim2" "h" "tryInline" "cmpCall" "cmp" "cmpPrim2" "h" "tryInline" "cmpCall" "cmp" "genCode" "cmpfun" "doTryCatch" "tryCatchOne" "tryCatchList" "tryCatch" "compiler:::tryCmpfun" "ux" "fvade2d" "eval" "eval" "withVisible" "ss" ".ess.source" ".ess.eval" 
"W" "fvade2d" "eval" "eval" "withVisible" "ss" ".ess.source" ".ess.eval" 
"W" "fvade2d" "eval" "eval" "withVisible" "ss" ".ess.source" ".ess.eval" 
"uy" "fvade2d" "eval" "eval" "withVisible" "ss" ".ess.source" ".ess.eval" 
"fvade2d" "eval" "eval" "withVisible" "ss" ".ess.source" ".ess.eval" 
"fvade2d" "eval" "eval" "withVisible" "ss" ".ess.source" ".ess.eval" 
"mapply" "do.call" "FUN" "outer" "fvade2d" "eval" "eval" "withVisible" "ss" ".ess.source" ".ess.eval" 
"gc" "system.time" "print" "StationaryDistribution" "eval" "eval" "withVisible" "ss" ".ess.source" ".ess.eval" 
"gc" "system.time" "print" "StationaryDistribution" "eval" "eval" "withVisible" "ss" ".ess.source" ".ess.eval" 
"gc" "system.time" "print" "StationaryDistribution" "eval" "eval" "withVisible" "ss" ".ess.source" ".ess.eval" 
"gc" "system.time" "print" "StationaryDistribution" "eval" "eval" "withVisible" "ss" ".ess.source" ".ess.eval" 
"gc" "system.time" "print" "StationaryDistribution" "eval" "eval" "withVisible" "ss" ".ess.source" ".ess.eval" 
"all.equal.default" "all.equal" "all.equal.list" "all.equal" "all.equal.list" "all.equal" "standardGeneric" "all.equal" "attr.all_Mat" ".local" "all.equal" "standardGeneric" "all.equal" "isTRUE" ".local" "isSymmetric" "standardGeneric" "isSymmetric" ".local" "Matrix::solve" "standardGeneric" "Matrix::solve" "system.time" "print" "StationaryDistribution" "eval" "eval" "withVisible" "ss" ".ess.source" ".ess.eval" 
".solve.dgC" ".local" "Matrix::solve" "standardGeneric" "Matrix::solve" "system.time" "print" "StationaryDistribution" "eval" "eval" "withVisible" "ss" ".ess.source" ".ess.eval" 
".solve.dgC" ".local" "Matrix::solve" "standardGeneric" "Matrix::solve" "system.time" "print" "StationaryDistribution" "eval" "eval" "withVisible" "ss" ".ess.source" ".ess.eval" 
".solve.dgC" ".local" "Matrix::solve" "standardGeneric" "Matrix::solve" "system.time" "print" "StationaryDistribution" "eval" "eval" "withVisible" "ss" ".ess.source" ".ess.eval" 
".solve.dgC" ".local" "Matrix::solve" "standardGeneric" "Matrix::solve" "system.time" "print" "StationaryDistribution" "eval" "eval" "withVisible" "ss" ".ess.source" ".ess.eval" 
".solve.dgC" ".local" "Matrix::solve" "standardGeneric" "Matrix::solve" "system.time" "print" "StationaryDistribution" "eval" "eval" "withVisible" "ss" ".ess.source" ".ess.eval" 
".solve.dgC" ".local" "Matrix::solve" "standardGeneric" "Matrix::solve" "system.time" "print" "StationaryDistribution" "eval" "eval" "withVisible" "ss" ".ess.source" ".ess.eval" 
".solve.dgC" ".local" "Matrix::solve" "standardGeneric" "Matrix::solve" "system.time" "print" "StationaryDistribution" "eval" "eval" "withVisible" "ss" ".ess.source" ".ess.eval" 
".solve.dgC" ".local" "Matrix::solve" "standardGeneric" "Matrix::solve" "system.time" "print" "StationaryDistribution" "eval" "eval" "withVisible" "ss" ".ess.source" ".ess.eval" 
".solve.dgC" ".local" "Matrix::solve" "standardGeneric" "Matrix::solve" "system.time" "print" "StationaryDistribution" "eval" "eval" "withVisible" "ss" ".ess.source" ".ess.eval" 
".External2" "<Anonymous>" ".External2" "par" "image.plot" "eval" "eval" "withVisible" "ss" ".ess.source" ".ess.eval" 
".External2" "<Anonymous>" ".External2" "par" "image.plot" "eval" "eval" "withVisible" "ss" ".ess.source" ".ess.eval" 
"arrows" "pracma::quiver" "eval" "eval" "withVisible" "ss" ".ess.source" ".ess.eval" 
"arrows" "pracma::quiver" "eval" "eval" "withVisible" "ss" ".ess.source" ".ess.eval" 
"arrows" "pracma::quiver" "eval" "eval" "withVisible" "ss" ".ess.source" ".ess.eval" 
"C" "E" "fvade2d" "eval" "eval" "withVisible" "ss" ".ess.source" ".ess.eval" 
"C" "N" "fvade2d" "eval" "eval" "withVisible" "ss" ".ess.source" ".ess.eval" 
"fvade2d" "eval" "eval" "withVisible" "ss" ".ess.source" ".ess.eval" 
"E" "fvade2d" "eval" "eval" "withVisible" "ss" ".ess.source" ".ess.eval" 
"fvade2d" "eval" "eval" "withVisible" "ss" ".ess.source" ".ess.eval" 
"C" "S" "fvade2d" "eval" "eval" "withVisible" "ss" ".ess.source" ".ess.eval" 
"fvade2d" "eval" "eval" "withVisible" "ss" ".ess.source" ".ess.eval" 
"E" "fvade2d" "eval" "eval" "withVisible" "ss" ".ess.source" ".ess.eval" 
"C" "S" "fvade2d" "eval" "eval" "withVisible" "ss" ".ess.source" ".ess.eval" 
"C" "fvade2d" "eval" "eval" "withVisible" "ss" ".ess.source" ".ess.eval" 
"max" "fvade2d" "eval" "eval" "withVisible" "ss" ".ess.source" ".ess.eval" 
"is" ".findMethodInTable" ".quickCoerceSelect" "as" "validityMethod" "isTRUE" "anyStrings" "validObject" ".nextMethod" "callNextMethod" "initialize" "initialize" "new" "Diagonal" "PolicyIterationSingular" "eval" "eval" "withVisible" "ss" ".ess.source" ".ess.eval" 
".Call" ".local" "solve" "standardGeneric" "solve" "eval" "eval" "callGeneric" "Matrix::solve" "standardGeneric" "Matrix::solve" "PolicyIterationSingular" "eval" "eval" "withVisible" "ss" ".ess.source" ".ess.eval" 
".Call" ".local" "solve" "standardGeneric" "solve" "eval" "eval" "callGeneric" "Matrix::solve" "standardGeneric" "Matrix::solve" "PolicyIterationSingular" "eval" "eval" "withVisible" "ss" ".ess.source" ".ess.eval" 
".Call" ".local" "solve" "standardGeneric" "solve" "eval" "eval" "callGeneric" "Matrix::solve" "standardGeneric" "Matrix::solve" "PolicyIterationSingular" "eval" "eval" "withVisible" "ss" ".ess.source" ".ess.eval" 
".Call" ".local" "solve" "standardGeneric" "solve" "eval" "eval" "callGeneric" "Matrix::solve" "standardGeneric" "Matrix::solve" "PolicyIterationSingular" "eval" "eval" "withVisible" "ss" ".ess.source" ".ess.eval" 
".Call" ".local" "solve" "standardGeneric" "solve" "eval" "eval" "callGeneric" "Matrix::solve" "standardGeneric" "Matrix::solve" "PolicyIterationSingular" "eval" "eval" "withVisible" "ss" ".ess.source" ".ess.eval" 
".Call" ".local" "solve" "standardGeneric" "solve" "eval" "eval" "callGeneric" "Matrix::solve" "standardGeneric" "Matrix::solve" "PolicyIterationSingular" "eval" "eval" "withVisible" "ss" ".ess.source" ".ess.eval" 
".Call" ".local" "solve" "standardGeneric" "solve" "eval" "eval" "callGeneric" "Matrix::solve" "standardGeneric" "Matrix::solve" "PolicyIterationSingular" "eval" "eval" "withVisible" "ss" ".ess.source" ".ess.eval" 
"genCode" "cb$putconst" "cmpCallArgs" "cmpCallSymFun" "cmpCall" "cmp" "cmpPrim2" "h" "tryInline" "cmpCall" "cmp" "cmpPrim2" "h" "tryInline" "cmpCall" "cmp" "genCode" "cb$putconst" "cmpCallArgs" "cmpCallSymFun" "cmpCall" "cmp" "genCode" "cmpfun" "doTryCatch" "tryCatchOne" "tryCatchList" "tryCatch" "compiler:::tryCmpfun" "uopt[[i]]" "PolicyIterationSingular" "eval" "eval" "withVisible" "ss" ".ess.source" ".ess.eval" 
".Call" ".local" "solve" "standardGeneric" "solve" "eval" "eval" "callGeneric" "Matrix::solve" "standardGeneric" "Matrix::solve" "PolicyIterationSingular" "eval" "eval" "withVisible" "ss" ".ess.source" ".ess.eval" 
".Call" ".local" "solve" "standardGeneric" "solve" "eval" "eval" "callGeneric" "Matrix::solve" "standardGeneric" "Matrix::solve" "PolicyIterationSingular" "eval" "eval" "withVisible" "ss" ".ess.source" ".ess.eval" 
".Call" ".local" "solve" "standardGeneric" "solve" "eval" "eval" "callGeneric" "Matrix::solve" "standardGeneric" "Matrix::solve" "PolicyIterationSingular" "eval" "eval" "withVisible" "ss" ".ess.source" ".ess.eval" 
".Call" ".local" "solve" "standardGeneric" "solve" "eval" "eval" "callGeneric" "Matrix::solve" "standardGeneric" "Matrix::solve" "PolicyIterationSingular" "eval" "eval" "withVisible" "ss" ".ess.source" ".ess.eval" 
".Call" ".local" "solve" "standardGeneric" "solve" "eval" "eval" "callGeneric" "Matrix::solve" "standardGeneric" "Matrix::solve" "PolicyIterationSingular" "eval" "eval" "withVisible" "ss" ".ess.source" ".ess.eval" 
".Call" ".local" "solve" "standardGeneric" "solve" "eval" "eval" "callGeneric" "Matrix::solve" "standardGeneric" "Matrix::solve" "PolicyIterationSingular" "eval" "eval" "withVisible" "ss" ".ess.source" ".ess.eval" 
".Call" ".local" "solve" "standardGeneric" "solve" "eval" "eval" "callGeneric" "Matrix::solve" "standardGeneric" "Matrix::solve" "PolicyIterationSingular" "eval" "eval" "withVisible" "ss" ".ess.source" ".ess.eval" 
".Call" ".local" "solve" "standardGeneric" "solve" "eval" "eval" "callGeneric" "Matrix::solve" "standardGeneric" "Matrix::solve" "PolicyIterationSingular" "eval" "eval" "withVisible" "ss" ".ess.source" ".ess.eval" 
".Call" ".local" "solve" "standardGeneric" "solve" "eval" "eval" "callGeneric" "Matrix::solve" "standardGeneric" "Matrix::solve" "PolicyIterationSingular" "eval" "eval" "withVisible" "ss" ".ess.source" ".ess.eval" 
".Call" ".local" "solve" "standardGeneric" "solve" "eval" "eval" "callGeneric" "Matrix::solve" "standardGeneric" "Matrix::solve" "PolicyIterationSingular" "eval" "eval" "withVisible" "ss" ".ess.source" ".ess.eval" 
".Call" ".local" "solve" "standardGeneric" "solve" "eval" "eval" "callGeneric" "Matrix::solve" "standardGeneric" "Matrix::solve" "PolicyIterationSingular" "eval" "eval" "withVisible" "ss" ".ess.source" ".ess.eval" 
".Call" ".local" "solve" "standardGeneric" "solve" "eval" "eval" "callGeneric" "Matrix::solve" "standardGeneric" "Matrix::solve" "PolicyIterationSingular" "eval" "eval" "withVisible" "ss" ".ess.source" ".ess.eval" 
".Call" ".local" "solve" "standardGeneric" "solve" "eval" "eval" "callGeneric" "Matrix::solve" "standardGeneric" "Matrix::solve" "PolicyIterationSingular" "eval" "eval" "withVisible" "ss" ".ess.source" ".ess.eval" 
".Call" ".local" "solve" "standardGeneric" "solve" "eval" "eval" "callGeneric" "Matrix::solve" "standardGeneric" "Matrix::solve" "PolicyIterationSingular" "eval" "eval" "withVisible" "ss" ".ess.source" ".ess.eval" 
".Call" ".local" "solve" "standardGeneric" "solve" "eval" "eval" "callGeneric" "Matrix::solve" "standardGeneric" "Matrix::solve" "PolicyIterationSingular" "eval" "eval" "withVisible" "ss" ".ess.source" ".ess.eval" 
".Call" ".local" "solve" "standardGeneric" "solve" "eval" "eval" "callGeneric" "Matrix::solve" "standardGeneric" "Matrix::solve" "PolicyIterationSingular" "eval" "eval" "withVisible" "ss" ".ess.source" ".ess.eval" 
".Call" ".local" "solve" "standardGeneric" "solve" "eval" "eval" "callGeneric" "Matrix::solve" "standardGeneric" "Matrix::solve" "PolicyIterationSingular" "eval" "eval" "withVisible" "ss" ".ess.source" ".ess.eval" 
".Call" ".local" "solve" "standardGeneric" "solve" "eval" "eval" "callGeneric" "Matrix::solve" "standardGeneric" "Matrix::solve" "PolicyIterationSingular" "eval" "eval" "withVisible" "ss" ".ess.source" ".ess.eval" 
".Call" ".local" "solve" "standardGeneric" "solve" "eval" "eval" "callGeneric" "Matrix::solve" "standardGeneric" "Matrix::solve" "PolicyIterationSingular" "eval" "eval" "withVisible" "ss" ".ess.source" ".ess.eval" 
".Call" ".local" "solve" "standardGeneric" "solve" "eval" "eval" "callGeneric" "Matrix::solve" "standardGeneric" "Matrix::solve" "PolicyIterationSingular" "eval" "eval" "withVisible" "ss" ".ess.source" ".ess.eval" 
".Call" ".local" "solve" "standardGeneric" "solve" "eval" "eval" "callGeneric" "Matrix::solve" "standardGeneric" "Matrix::solve" "PolicyIterationSingular" "eval" "eval" "withVisible" "ss" ".ess.source" ".ess.eval" 
".Call" ".local" "solve" "standardGeneric" "solve" "eval" "eval" "callGeneric" "Matrix::solve" "standardGeneric" "Matrix::solve" "PolicyIterationSingular" "eval" "eval" "withVisible" "ss" ".ess.source" ".ess.eval" 
".Call" ".local" "solve" "standardGeneric" "solve" "eval" "eval" "callGeneric" "Matrix::solve" "standardGeneric" "Matrix::solve" "PolicyIterationSingular" "eval" "eval" "withVisible" "ss" ".ess.source" ".ess.eval" 
".Call" ".local" "solve" "standardGeneric" "solve" "eval" "eval" "callGeneric" "Matrix::solve" "standardGeneric" "Matrix::solve" "PolicyIterationSingular" "eval" "eval" "withVisible" "ss" ".ess.source" ".ess.eval" 
".Call" ".local" "solve" "standardGeneric" "solve" "eval" "eval" "callGeneric" "Matrix::solve" "standardGeneric" "Matrix::solve" "PolicyIterationSingular" "eval" "eval" "withVisible" "ss" ".ess.source" ".ess.eval" 
".Call" ".local" "solve" "standardGeneric" "solve" "eval" "eval" "callGeneric" "Matrix::solve" "standardGeneric" "Matrix::solve" "PolicyIterationSingular" "eval" "eval" "withVisible" "ss" ".ess.source" ".ess.eval" 
".Call" ".local" "solve" "standardGeneric" "solve" "eval" "eval" "callGeneric" "Matrix::solve" "standardGeneric" "Matrix::solve" "PolicyIterationSingular" "eval" "eval" "withVisible" "ss" ".ess.source" ".ess.eval" 
".Call" ".local" "solve" "standardGeneric" "solve" "eval" "eval" "callGeneric" "Matrix::solve" "standardGeneric" "Matrix::solve" "PolicyIterationSingular" "eval" "eval" "withVisible" "ss" ".ess.source" ".ess.eval" 
".Call" ".local" "solve" "standardGeneric" "solve" "eval" "eval" "callGeneric" "Matrix::solve" "standardGeneric" "Matrix::solve" "PolicyIterationSingular" "eval" "eval" "withVisible" "ss" ".ess.source" ".ess.eval" 
".Call" ".local" "solve" "standardGeneric" "solve" "eval" "eval" "callGeneric" "Matrix::solve" "standardGeneric" "Matrix::solve" "PolicyIterationSingular" "eval" "eval" "withVisible" "ss" ".ess.source" ".ess.eval" 
".Call" ".local" "solve" "standardGeneric" "solve" "eval" "eval" "callGeneric" "Matrix::solve" "standardGeneric" "Matrix::solve" "PolicyIterationSingular" "eval" "eval" "withVisible" "ss" ".ess.source" ".ess.eval" 
".Call" ".local" "solve" "standardGeneric" "solve" "eval" "eval" "callGeneric" "Matrix::solve" "standardGeneric" "Matrix::solve" "PolicyIterationSingular" "eval" "eval" "withVisible" "ss" ".ess.source" ".ess.eval" 
".Call" ".local" "solve" "standardGeneric" "solve" "eval" "eval" "callGeneric" "Matrix::solve" "standardGeneric" "Matrix::solve" "PolicyIterationSingular" "eval" "eval" "withVisible" "ss" ".ess.source" ".ess.eval" 
".Call" ".local" "solve" "standardGeneric" "solve" "eval" "eval" "callGeneric" "Matrix::solve" "standardGeneric" "Matrix::solve" "PolicyIterationSingular" "eval" "eval" "withVisible" "ss" ".ess.source" ".ess.eval" 
".Call" ".local" "solve" "standardGeneric" "solve" "eval" "eval" "callGeneric" "Matrix::solve" "standardGeneric" "Matrix::solve" "PolicyIterationSingular" "eval" "eval" "withVisible" "ss" ".ess.source" ".ess.eval" 
".Call" ".local" "solve" "standardGeneric" "solve" "eval" "eval" "callGeneric" "Matrix::solve" "standardGeneric" "Matrix::solve" "PolicyIterationSingular" "eval" "eval" "withVisible" "ss" ".ess.source" ".ess.eval" 
".Arith.Csparse" "+" "+" "PolicyIterationSingular" "eval" "eval" "withVisible" "ss" ".ess.source" ".ess.eval" 
".Call" ".local" "solve" "standardGeneric" "solve" "eval" "eval" "callGeneric" "Matrix::solve" "standardGeneric" "Matrix::solve" "PolicyIterationSingular" "eval" "eval" "withVisible" "ss" ".ess.source" ".ess.eval" 
".Call" ".local" "solve" "standardGeneric" "solve" "eval" "eval" "callGeneric" "Matrix::solve" "standardGeneric" "Matrix::solve" "PolicyIterationSingular" "eval" "eval" "withVisible" "ss" ".ess.source" ".ess.eval" 
".Call" ".local" "solve" "standardGeneric" "solve" "eval" "eval" "callGeneric" "Matrix::solve" "standardGeneric" "Matrix::solve" "PolicyIterationSingular" "eval" "eval" "withVisible" "ss" ".ess.source" ".ess.eval" 
".Call" ".local" "solve" "standardGeneric" "solve" "eval" "eval" "callGeneric" "Matrix::solve" "standardGeneric" "Matrix::solve" "PolicyIterationSingular" "eval" "eval" "withVisible" "ss" ".ess.source" ".ess.eval" 
".Call" ".local" "solve" "standardGeneric" "solve" "eval" "eval" "callGeneric" "Matrix::solve" "standardGeneric" "Matrix::solve" "PolicyIterationSingular" "eval" "eval" "withVisible" "ss" ".ess.source" ".ess.eval" 
".Call" ".local" "solve" "standardGeneric" "solve" "eval" "eval" "callGeneric" "Matrix::solve" "standardGeneric" "Matrix::solve" "PolicyIterationSingular" "eval" "eval" "withVisible" "ss" ".ess.source" ".ess.eval" 
".Call" ".local" "solve" "standardGeneric" "solve" "eval" "eval" "callGeneric" "Matrix::solve" "standardGeneric" "Matrix::solve" "PolicyIterationSingular" "eval" "eval" "withVisible" "ss" ".ess.source" ".ess.eval" 
".Call" ".local" "solve" "standardGeneric" "solve" "eval" "eval" "callGeneric" "Matrix::solve" "standardGeneric" "Matrix::solve" "PolicyIterationSingular" "eval" "eval" "withVisible" "ss" ".ess.source" ".ess.eval" 
".Call" ".local" "solve" "standardGeneric" "solve" "eval" "eval" "callGeneric" "Matrix::solve" "standardGeneric" "Matrix::solve" "PolicyIterationSingular" "eval" "eval" "withVisible" "ss" ".ess.source" ".ess.eval" 
".Call" ".local" "solve" "standardGeneric" "solve" "eval" "eval" "callGeneric" "Matrix::solve" "standardGeneric" "Matrix::solve" "PolicyIterationSingular" "eval" "eval" "withVisible" "ss" ".ess.source" ".ess.eval" 
".Call" ".local" "solve" "standardGeneric" "solve" "eval" "eval" "callGeneric" "Matrix::solve" "standardGeneric" "Matrix::solve" "PolicyIterationSingular" "eval" "eval" "withVisible" "ss" ".ess.source" ".ess.eval" 
".Call" ".local" "solve" "standardGeneric" "solve" "eval" "eval" "callGeneric" "Matrix::solve" "standardGeneric" "Matrix::solve" "PolicyIterationSingular" "eval" "eval" "withVisible" "ss" ".ess.source" ".ess.eval" 
".Call" ".local" "solve" "standardGeneric" "solve" "eval" "eval" "callGeneric" "Matrix::solve" "standardGeneric" "Matrix::solve" "PolicyIterationSingular" "eval" "eval" "withVisible" "ss" ".ess.source" ".ess.eval" 
".Call" ".local" "solve" "standardGeneric" "solve" "eval" "eval" "callGeneric" "Matrix::solve" "standardGeneric" "Matrix::solve" "PolicyIterationSingular" "eval" "eval" "withVisible" "ss" ".ess.source" ".ess.eval" 
".Call" ".local" "solve" "standardGeneric" "solve" "eval" "eval" "callGeneric" "Matrix::solve" "standardGeneric" "Matrix::solve" "PolicyIterationSingular" "eval" "eval" "withVisible" "ss" ".ess.source" ".ess.eval" 
".Call" ".local" "solve" "standardGeneric" "solve" "eval" "eval" "callGeneric" "Matrix::solve" "standardGeneric" "Matrix::solve" "PolicyIterationSingular" "eval" "eval" "withVisible" "ss" ".ess.source" ".ess.eval" 
".Call" ".local" "solve" "standardGeneric" "solve" "eval" "eval" "callGeneric" "Matrix::solve" "standardGeneric" "Matrix::solve" "PolicyIterationSingular" "eval" "eval" "withVisible" "ss" ".ess.source" ".ess.eval" 
".Call" ".local" "solve" "standardGeneric" "solve" "eval" "eval" "callGeneric" "Matrix::solve" "standardGeneric" "Matrix::solve" "PolicyIterationSingular" "eval" "eval" "withVisible" "ss" ".ess.source" ".ess.eval" 
".Call" ".local" "solve" "standardGeneric" "solve" "eval" "eval" "callGeneric" "Matrix::solve" "standardGeneric" "Matrix::solve" "PolicyIterationSingular" "eval" "eval" "withVisible" "ss" ".ess.source" ".ess.eval" 
".Call" ".local" "solve" "standardGeneric" "solve" "eval" "eval" "callGeneric" "Matrix::solve" "standardGeneric" "Matrix::solve" "PolicyIterationSingular" "eval" "eval" "withVisible" "ss" ".ess.source" ".ess.eval" 
".Call" ".local" "solve" "standardGeneric" "solve" "eval" "eval" "callGeneric" "Matrix::solve" "standardGeneric" "Matrix::solve" "PolicyIterationSingular" "eval" "eval" "withVisible" "ss" ".ess.source" ".ess.eval" 
".Call" ".local" "solve" "standardGeneric" "solve" "eval" "eval" "callGeneric" "Matrix::solve" "standardGeneric" "Matrix::solve" "PolicyIterationSingular" "eval" "eval" "withVisible" "ss" ".ess.source" ".ess.eval" 
".Call" ".local" "solve" "standardGeneric" "solve" "eval" "eval" "callGeneric" "Matrix::solve" "standardGeneric" "Matrix::solve" "PolicyIterationSingular" "eval" "eval" "withVisible" "ss" ".ess.source" ".ess.eval" 
".Call" ".local" "solve" "standardGeneric" "solve" "eval" "eval" "callGeneric" "Matrix::solve" "standardGeneric" "Matrix::solve" "PolicyIterationSingular" "eval" "eval" "withVisible" "ss" ".ess.source" ".ess.eval" 
".Call" ".local" "solve" "standardGeneric" "solve" "eval" "eval" "callGeneric" "Matrix::solve" "standardGeneric" "Matrix::solve" "PolicyIterationSingular" "eval" "eval" "withVisible" "ss" ".ess.source" ".ess.eval" 
".Call" ".local" "solve" "standardGeneric" "solve" "eval" "eval" "callGeneric" "Matrix::solve" "standardGeneric" "Matrix::solve" "PolicyIterationSingular" "eval" "eval" "withVisible" "ss" ".ess.source" ".ess.eval" 
".Call" ".local" "solve" "standardGeneric" "solve" "eval" "eval" "callGeneric" "Matrix::solve" "standardGeneric" "Matrix::solve" "PolicyIterationSingular" "eval" "eval" "withVisible" "ss" ".ess.source" ".ess.eval" 
".Call" ".local" "solve" "standardGeneric" "solve" "eval" "eval" "callGeneric" "Matrix::solve" "standardGeneric" "Matrix::solve" "PolicyIterationSingular" "eval" "eval" "withVisible" "ss" ".ess.source" ".ess.eval" 
".Call" ".local" "solve" "standardGeneric" "solve" "eval" "eval" "callGeneric" "Matrix::solve" "standardGeneric" "Matrix::solve" "PolicyIterationSingular" "eval" "eval" "withVisible" "ss" ".ess.source" ".ess.eval" 
".Call" ".local" "solve" "standardGeneric" "solve" "eval" "eval" "callGeneric" "Matrix::solve" "standardGeneric" "Matrix::solve" "PolicyIterationSingular" "eval" "eval" "withVisible" "ss" ".ess.source" ".ess.eval" 
".Call" ".local" "solve" "standardGeneric" "solve" "eval" "eval" "callGeneric" "Matrix::solve" "standardGeneric" "Matrix::solve" "PolicyIterationSingular" "eval" "eval" "withVisible" "ss" ".ess.source" ".ess.eval" 
".Call" ".local" "solve" "standardGeneric" "solve" "eval" "eval" "callGeneric" "Matrix::solve" "standardGeneric" "Matrix::solve" "PolicyIterationSingular" "eval" "eval" "withVisible" "ss" ".ess.source" ".ess.eval" 
".Call" ".local" "solve" "standardGeneric" "solve" "eval" "eval" "callGeneric" "Matrix::solve" "standardGeneric" "Matrix::solve" "PolicyIterationSingular" "eval" "eval" "withVisible" "ss" ".ess.source" ".ess.eval" 
".Call" ".local" "solve" "standardGeneric" "solve" "eval" "eval" "callGeneric" "Matrix::solve" "standardGeneric" "Matrix::solve" "PolicyIterationSingular" "eval" "eval" "withVisible" "ss" ".ess.source" ".ess.eval" 
".cbind2Csp" "cbind2sparse" "cbind2" "cbind2" "cbind2" "cbind2" "cbind2" "cbind2" "cbind" "cbind" "rbind" "PolicyIterationSingular" "eval" "eval" "withVisible" "ss" ".ess.source" ".ess.eval" 
".Call" ".local" "solve" "standardGeneric" "solve" "eval" "eval" "callGeneric" "Matrix::solve" "standardGeneric" "Matrix::solve" "PolicyIterationSingular" "eval" "eval" "withVisible" "ss" ".ess.source" ".ess.eval" 
".Call" ".local" "solve" "standardGeneric" "solve" "eval" "eval" "callGeneric" "Matrix::solve" "standardGeneric" "Matrix::solve" "PolicyIterationSingular" "eval" "eval" "withVisible" "ss" ".ess.source" ".ess.eval" 
".Call" ".local" "solve" "standardGeneric" "solve" "eval" "eval" "callGeneric" "Matrix::solve" "standardGeneric" "Matrix::solve" "PolicyIterationSingular" "eval" "eval" "withVisible" "ss" ".ess.source" ".ess.eval" 
".Call" ".local" "solve" "standardGeneric" "solve" "eval" "eval" "callGeneric" "Matrix::solve" "standardGeneric" "Matrix::solve" "PolicyIterationSingular" "eval" "eval" "withVisible" "ss" ".ess.source" ".ess.eval" 
".Call" ".local" "solve" "standardGeneric" "solve" "eval" "eval" "callGeneric" "Matrix::solve" "standardGeneric" "Matrix::solve" "PolicyIterationSingular" "eval" "eval" "withVisible" "ss" ".ess.source" ".ess.eval" 
".Call" ".local" "solve" "standardGeneric" "solve" "eval" "eval" "callGeneric" "Matrix::solve" "standardGeneric" "Matrix::solve" "PolicyIterationSingular" "eval" "eval" "withVisible" "ss" ".ess.source" ".ess.eval" 
".Call" ".local" "solve" "standardGeneric" "solve" "eval" "eval" "callGeneric" "Matrix::solve" "standardGeneric" "Matrix::solve" "PolicyIterationSingular" "eval" "eval" "withVisible" "ss" ".ess.source" ".ess.eval" 
".Call" ".local" "solve" "standardGeneric" "solve" "eval" "eval" "callGeneric" "Matrix::solve" "standardGeneric" "Matrix::solve" "PolicyIterationSingular" "eval" "eval" "withVisible" "ss" ".ess.source" ".ess.eval" 
"@<-" "dimnamesGets" "dimnames<-" "dimnames<-" "rownames<-" ".local" "tail" "standardGeneric" "tail" "PolicyIterationSingular" "eval" "eval" "withVisible" "ss" ".ess.source" ".ess.eval" 
".Call" ".local" "solve" "standardGeneric" "solve" "eval" "eval" "callGeneric" "Matrix::solve" "standardGeneric" "Matrix::solve" "PolicyIterationSingular" "eval" "eval" "withVisible" "ss" ".ess.source" ".ess.eval" 
".Call" ".local" "solve" "standardGeneric" "solve" "eval" "eval" "callGeneric" "Matrix::solve" "standardGeneric" "Matrix::solve" "PolicyIterationSingular" "eval" "eval" "withVisible" "ss" ".ess.source" ".ess.eval" 
".Call" ".local" "solve" "standardGeneric" "solve" "eval" "eval" "callGeneric" "Matrix::solve" "standardGeneric" "Matrix::solve" "PolicyIterationSingular" "eval" "eval" "withVisible" "ss" ".ess.source" ".ess.eval" 
".Call" ".local" "solve" "standardGeneric" "solve" "eval" "eval" "callGeneric" "Matrix::solve" "standardGeneric" "Matrix::solve" "PolicyIterationSingular" "eval" "eval" "withVisible" "ss" ".ess.source" ".ess.eval" 
".Call" ".local" "solve" "standardGeneric" "solve" "eval" "eval" "callGeneric" "Matrix::solve" "standardGeneric" "Matrix::solve" "PolicyIterationSingular" "eval" "eval" "withVisible" "ss" ".ess.source" ".ess.eval" 
".Call" ".local" "solve" "standardGeneric" "solve" "eval" "eval" "callGeneric" "Matrix::solve" "standardGeneric" "Matrix::solve" "PolicyIterationSingular" "eval" "eval" "withVisible" "ss" ".ess.source" ".ess.eval" 
".Call" ".local" "solve" "standardGeneric" "solve" "eval" "eval" "callGeneric" "Matrix::solve" "standardGeneric" "Matrix::solve" "PolicyIterationSingular" "eval" "eval" "withVisible" "ss" ".ess.source" ".ess.eval" 
".Call" ".local" "solve" "standardGeneric" "solve" "eval" "eval" "callGeneric" "Matrix::solve" "standardGeneric" "Matrix::solve" "PolicyIterationSingular" "eval" "eval" "withVisible" "ss" ".ess.source" ".ess.eval" 
".Call" ".local" "solve" "standardGeneric" "solve" "eval" "eval" "callGeneric" "Matrix::solve" "standardGeneric" "Matrix::solve" "PolicyIterationSingular" "eval" "eval" "withVisible" "ss" ".ess.source" ".ess.eval" 
".Call" ".local" "solve" "standardGeneric" "solve" "eval" "eval" "callGeneric" "Matrix::solve" "standardGeneric" "Matrix::solve" "PolicyIterationSingular" "eval" "eval" "withVisible" "ss" ".ess.source" ".ess.eval" 
".Call" ".local" "solve" "standardGeneric" "solve" "eval" "eval" "callGeneric" "Matrix::solve" "standardGeneric" "Matrix::solve" "PolicyIterationSingular" "eval" "eval" "withVisible" "ss" ".ess.source" ".ess.eval" 
".Call" ".local" "solve" "standardGeneric" "solve" "eval" "eval" "callGeneric" "Matrix::solve" "standardGeneric" "Matrix::solve" "PolicyIterationSingular" "eval" "eval" "withVisible" "ss" ".ess.source" ".ess.eval" 
".Call" ".local" "solve" "standardGeneric" "solve" "eval" "eval" "callGeneric" "Matrix::solve" "standardGeneric" "Matrix::solve" "PolicyIterationSingular" "eval" "eval" "withVisible" "ss" ".ess.source" ".ess.eval" 
"dimnames" "dimnames" "rownames" ".local" "tail" "standardGeneric" "tail" "PolicyIterationSingular" "eval" "eval" "withVisible" "ss" ".ess.source" ".ess.eval" 
".Call" ".local" "solve" "standardGeneric" "solve" "eval" "eval" "callGeneric" "Matrix::solve" "standardGeneric" "Matrix::solve" "PolicyIterationSingular" "eval" "eval" "withVisible" "ss" ".ess.source" ".ess.eval" 
".Call" ".local" "solve" "standardGeneric" "solve" "eval" "eval" "callGeneric" "Matrix::solve" "standardGeneric" "Matrix::solve" "PolicyIterationSingular" "eval" "eval" "withVisible" "ss" ".ess.source" ".ess.eval" 
".Call" ".local" "solve" "standardGeneric" "solve" "eval" "eval" "callGeneric" "Matrix::solve" "standardGeneric" "Matrix::solve" "PolicyIterationSingular" "eval" "eval" "withVisible" "ss" ".ess.source" ".ess.eval" 
".Call" ".local" "solve" "standardGeneric" "solve" "eval" "eval" "callGeneric" "Matrix::solve" "standardGeneric" "Matrix::solve" "PolicyIterationSingular" "eval" "eval" "withVisible" "ss" ".ess.source" ".ess.eval" 
".Call" ".local" "solve" "standardGeneric" "solve" "eval" "eval" "callGeneric" "Matrix::solve" "standardGeneric" "Matrix::solve" "PolicyIterationSingular" "eval" "eval" "withVisible" "ss" ".ess.source" ".ess.eval" 
".Call" ".local" "solve" "standardGeneric" "solve" "eval" "eval" "callGeneric" "Matrix::solve" "standardGeneric" "Matrix::solve" "PolicyIterationSingular" "eval" "eval" "withVisible" "ss" ".ess.source" ".ess.eval" 
".Call" ".local" "solve" "standardGeneric" "solve" "eval" "eval" "callGeneric" "Matrix::solve" "standardGeneric" "Matrix::solve" "PolicyIterationSingular" "eval" "eval" "withVisible" "ss" ".ess.source" ".ess.eval" 
".Call" ".local" "solve" "standardGeneric" "solve" "eval" "eval" "callGeneric" "Matrix::solve" "standardGeneric" "Matrix::solve" "PolicyIterationSingular" "eval" "eval" "withVisible" "ss" ".ess.source" ".ess.eval" 
".Call" ".local" "solve" "standardGeneric" "solve" "eval" "eval" "callGeneric" "Matrix::solve" "standardGeneric" "Matrix::solve" "PolicyIterationSingular" "eval" "eval" "withVisible" "ss" ".ess.source" ".ess.eval" 
".Call" ".local" "solve" "standardGeneric" "solve" "eval" "eval" "callGeneric" "Matrix::solve" "standardGeneric" "Matrix::solve" "PolicyIterationSingular" "eval" "eval" "withVisible" "ss" ".ess.source" ".ess.eval" 
".Call" ".local" "solve" "standardGeneric" "solve" "eval" "eval" "callGeneric" "Matrix::solve" "standardGeneric" "Matrix::solve" "PolicyIterationSingular" "eval" "eval" "withVisible" "ss" ".ess.source" ".ess.eval" 
".Call" ".local" "solve" "standardGeneric" "solve" "eval" "eval" "callGeneric" "Matrix::solve" "standardGeneric" "Matrix::solve" "PolicyIterationSingular" "eval" "eval" "withVisible" "ss" ".ess.source" ".ess.eval" 
".Call" ".local" "solve" "standardGeneric" "solve" "eval" "eval" "callGeneric" "Matrix::solve" "standardGeneric" "Matrix::solve" "PolicyIterationSingular" "eval" "eval" "withVisible" "ss" ".ess.source" ".ess.eval" 
".Call" ".local" "solve" "standardGeneric" "solve" "eval" "eval" "callGeneric" "Matrix::solve" "standardGeneric" "Matrix::solve" "PolicyIterationSingular" "eval" "eval" "withVisible" "ss" ".ess.source" ".ess.eval" 
".Call" ".local" "solve" "standardGeneric" "solve" "eval" "eval" "callGeneric" "Matrix::solve" "standardGeneric" "Matrix::solve" "PolicyIterationSingular" "eval" "eval" "withVisible" "ss" ".ess.source" ".ess.eval" 
".Call" ".local" "solve" "standardGeneric" "solve" "eval" "eval" "callGeneric" "Matrix::solve" "standardGeneric" "Matrix::solve" "PolicyIterationSingular" "eval" "eval" "withVisible" "ss" ".ess.source" ".ess.eval" 
".Call" ".local" "solve" "standardGeneric" "solve" "eval" "eval" "callGeneric" "Matrix::solve" "standardGeneric" "Matrix::solve" "PolicyIterationSingular" "eval" "eval" "withVisible" "ss" ".ess.source" ".ess.eval" 
".Call" ".local" "solve" "standardGeneric" "solve" "eval" "eval" "callGeneric" "Matrix::solve" "standardGeneric" "Matrix::solve" "PolicyIterationSingular" "eval" "eval" "withVisible" "ss" ".ess.source" ".ess.eval" 
"gc" "system.time" "print" "StationaryDistribution" "PolicyIterationSingular" "eval" "eval" "withVisible" "ss" ".ess.source" ".ess.eval" 
"gc" "system.time" "print" "StationaryDistribution" "PolicyIterationSingular" "eval" "eval" "withVisible" "ss" ".ess.source" ".ess.eval" 
"gc" "system.time" "print" "StationaryDistribution" "PolicyIterationSingular" "eval" "eval" "withVisible" "ss" ".ess.source" ".ess.eval" 
"gc" "system.time" "print" "StationaryDistribution" "PolicyIterationSingular" "eval" "eval" "withVisible" "ss" ".ess.source" ".ess.eval" 
"gc" "system.time" "print" "StationaryDistribution" "PolicyIterationSingular" "eval" "eval" "withVisible" "ss" ".ess.source" ".ess.eval" 
".solve.dgC" ".local" "Matrix::solve" "standardGeneric" "Matrix::solve" "system.time" "print" "StationaryDistribution" "PolicyIterationSingular" "eval" "eval" "withVisible" "ss" ".ess.source" ".ess.eval" 
".solve.dgC" ".local" "Matrix::solve" "standardGeneric" "Matrix::solve" "system.time" "print" "StationaryDistribution" "PolicyIterationSingular" "eval" "eval" "withVisible" "ss" ".ess.source" ".ess.eval" 
".solve.dgC" ".local" "Matrix::solve" "standardGeneric" "Matrix::solve" "system.time" "print" "StationaryDistribution" "PolicyIterationSingular" "eval" "eval" "withVisible" "ss" ".ess.source" ".ess.eval" 
".solve.dgC" ".local" "Matrix::solve" "standardGeneric" "Matrix::solve" "system.time" "print" "StationaryDistribution" "PolicyIterationSingular" "eval" "eval" "withVisible" "ss" ".ess.source" ".ess.eval" 
".solve.dgC" ".local" "Matrix::solve" "standardGeneric" "Matrix::solve" "system.time" "print" "StationaryDistribution" "PolicyIterationSingular" "eval" "eval" "withVisible" "ss" ".ess.source" ".ess.eval" 
".solve.dgC" ".local" "Matrix::solve" "standardGeneric" "Matrix::solve" "system.time" "print" "StationaryDistribution" "PolicyIterationSingular" "eval" "eval" "withVisible" "ss" ".ess.source" ".ess.eval" 
".External2" "<Anonymous>" "do.call" "dev.new" "eval" "eval" "withVisible" "ss" ".ess.source" ".ess.eval" 
".External" "dev.flush" "plot.default" "plot" "image.default" "image" "standardGeneric" "image" "image.plot" "eval" "eval" "withVisible" "ss" ".ess.source" ".ess.eval" 
".External.graphics" "image.default" "image" "standardGeneric" "image" "image.plot" "eval" "eval" "withVisible" "ss" ".ess.source" ".ess.eval" 
